Assembler report for DE10_Standard_default
Fri May 15 21:44:17 2020
Quartus Prime Version 19.1.0 Build 670 09/22/2019 SJ Lite Edition


---------------------
; Table of Contents ;
---------------------
  1. Legal Notice
  2. Assembler Summary
  3. Assembler Settings
  4. Assembler Generated Files
  5. Assembler Device Options: C:/Repos/vga-controller/DE10_Standard_default.sof
  6. Assembler Messages



----------------
; Legal Notice ;
----------------
Copyright (C) 2019  Intel Corporation. All rights reserved.
Your use of Intel Corporation's design tools, logic functions 
and other software and tools, and any partner logic 
functions, and any output files from any of the foregoing 
(including device programming or simulation files), and any 
associated documentation or information are expressly subject 
to the terms and conditions of the Intel Program License 
Subscription Agreement, the Intel Quartus Prime License Agreement,
the Intel FPGA IP License Agreement, or other applicable license
agreement, including, without limitation, that your use is for
the sole purpose of programming logic devices manufactured by
Intel and sold by Intel or its authorized distributors.  Please
refer to the applicable agreement for further details, at
https://fpgasoftware.intel.com/eula.



+---------------------------------------------------------------+
; Assembler Summary                                             ;
+-----------------------+---------------------------------------+
; Assembler Status      ; Successful - Fri May 15 21:44:17 2020 ;
; Revision Name         ; DE10_Standard_default                 ;
; Top-level Entity Name ; DE10_Standard_default                 ;
; Family                ; Cyclone V                             ;
; Device                ; 5CSXFC6D6F31C6                        ;
+-----------------------+---------------------------------------+


+----------------------------------+
; Assembler Settings               ;
+--------+---------+---------------+
; Option ; Setting ; Default Value ;
+--------+---------+---------------+


+---------------------------------------------------+
; Assembler Generated Files                         ;
+---------------------------------------------------+
; File Name                                         ;
+---------------------------------------------------+
; C:/Repos/vga-controller/DE10_Standard_default.sof ;
+---------------------------------------------------+


+-----------------------------------------------------------------------------+
; Assembler Device Options: C:/Repos/vga-controller/DE10_Standard_default.sof ;
+----------------+------------------------------------------------------------+
; Option         ; Setting                                                    ;
+----------------+------------------------------------------------------------+
; JTAG usercode  ; 0x00FA81C1                                                 ;
; Checksum       ; 0x00FA81C1                                                 ;
+----------------+------------------------------------------------------------+


+--------------------+
; Assembler Messages ;
+--------------------+
Info: *******************************************************************
Info: Running Quartus Prime Assembler
    Info: Version 19.1.0 Build 670 09/22/2019 SJ Lite Edition
    Info: Processing started: Fri May 15 21:44:05 2020
Info: Command: quartus_asm --read_settings_files=off --write_settings_files=off DE10_Standard_default -c DE10_Standard_default
Info (115030): Assembler is generating device programming files
Info: Quartus Prime Assembler was successful. 0 errors, 0 warnings
    Info: Peak virtual memory: 4876 megabytes
    Info: Processing ended: Fri May 15 21:44:17 2020
    Info: Elapsed time: 00:00:12
    Info: Total CPU time (on all processors): 00:00:12


